15-06-2024	15:05:27	Crystal Reports Exporter version 2.1.11.1207
15-06-2024	15:05:27	creport parameters : -U immoabidjan -P immoabidjan -D immoabidjan -S immoabidjan -F documents\CONTRAT_ACQUISITION.rpt -a acquisition_id:1 -O temp\CONTRAT_ACQUISITION.pdf -E pdf -l 
15-06-2024	15:05:28	Instantiated ReportDocument object
15-06-2024	15:05:28	Crystal Reports file documents\CONTRAT_ACQUISITION.rpt loaded
15-06-2024	15:05:28	Database id = 0
15-06-2024	15:05:28	Integrated Security = False
15-06-2024	15:05:28	Default Server Name = immoabidjan
15-06-2024	15:05:28	Default Database Name = immoabidjan
15-06-2024	15:05:28	Logon to Server = immoabidjan
15-06-2024	15:05:28	Logon to Database = immoabidjan
15-06-2024	15:05:28	Logon with user id = immoabidjan
15-06-2024	15:05:28	Logon with password = immoabidjan
15-06-2024	15:05:28	Logon to Server = immoabidjan
15-06-2024	15:05:28	Logon to Database = immoabidjan
15-06-2024	15:05:28	Logon with user id = immoabidjan
15-06-2024	15:05:28	Logon with password = immoabidjan
15-06-2024	15:05:28	Logon to Server = immoabidjan
15-06-2024	15:05:28	Logon to Database = immoabidjan
15-06-2024	15:05:28	Logon with user id = immoabidjan
15-06-2024	15:05:28	Logon with password = immoabidjan
15-06-2024	15:05:28	Logon to Server = immoabidjan
15-06-2024	15:05:28	Logon to Database = immoabidjan
15-06-2024	15:05:28	Logon with user id = immoabidjan
15-06-2024	15:05:28	Logon with password = immoabidjan
15-06-2024	15:05:28	Report Output format set to : pdf
15-06-2024	15:05:28	Report attribute : HasSavedData = False
15-06-2024	15:05:28	Discrete Parameter : acquisition_id = 1
15-06-2024	15:05:29	Report rows = 1
15-06-2024	15:05:29	Report exported to : temp\CONTRAT_ACQUISITION.pdf
15-06-2024	15:05:29	ReportDocument closed
