15-06-2024	14:53:04	Crystal Reports Exporter version 2.1.11.1207
15-06-2024	14:53:04	creport parameters : -U immoabidjan -P immoabidjan -D immoabidjan -S immoabidjan -F documents\CONTRAT_ACQUISITION.rpt -a acquisition_id:1 -O temp\CONTRAT_ACQUISITION.pdf -E pdf -l 
15-06-2024	14:53:04	Instantiated ReportDocument object
15-06-2024	14:53:05	Crystal Reports file documents\CONTRAT_ACQUISITION.rpt loaded
15-06-2024	14:53:05	Database id = 0
15-06-2024	14:53:05	Integrated Security = False
15-06-2024	14:53:05	Default Server Name = immoabidjan
15-06-2024	14:53:05	Default Database Name = immoabidjan
15-06-2024	14:53:05	Logon to Server = immoabidjan
15-06-2024	14:53:05	Logon to Database = immoabidjan
15-06-2024	14:53:05	Logon with user id = immoabidjan
15-06-2024	14:53:05	Logon with password = immoabidjan
15-06-2024	14:53:05	Logon to Server = immoabidjan
15-06-2024	14:53:05	Logon to Database = immoabidjan
15-06-2024	14:53:05	Logon with user id = immoabidjan
15-06-2024	14:53:05	Logon with password = immoabidjan
15-06-2024	14:53:05	Logon to Server = immoabidjan
15-06-2024	14:53:05	Logon to Database = immoabidjan
15-06-2024	14:53:05	Logon with user id = immoabidjan
15-06-2024	14:53:05	Logon with password = immoabidjan
15-06-2024	14:53:05	Logon to Server = immoabidjan
15-06-2024	14:53:05	Logon to Database = immoabidjan
15-06-2024	14:53:05	Logon with user id = immoabidjan
15-06-2024	14:53:05	Logon with password = immoabidjan
15-06-2024	14:53:05	Report Output format set to : pdf
15-06-2024	14:53:05	Report attribute : HasSavedData = False
15-06-2024	14:53:05	Discrete Parameter : acquisition_id = 1
15-06-2024	14:53:05	Report rows = 1
15-06-2024	14:53:06	Report exported to : temp\CONTRAT_ACQUISITION.pdf
15-06-2024	14:53:06	ReportDocument closed
