19-07-2024	11:57:34	Crystal Reports Exporter version 2.1.11.1207
19-07-2024	11:57:34	creport parameters : -U immoabidjan -P immoabidjan -D immoabidjan -S immoabidjan -F documents\CONTRAT_ACQUISITION.rpt -a acquisition_id:4 -O temp\CONTRAT_ACQUISITION.pdf -E pdf -l 
19-07-2024	11:57:34	Instantiated ReportDocument object
19-07-2024	11:57:35	Crystal Reports file documents\CONTRAT_ACQUISITION.rpt loaded
19-07-2024	11:57:35	Database id = 0
19-07-2024	11:57:35	Integrated Security = False
19-07-2024	11:57:35	Default Server Name = immoabidjan
19-07-2024	11:57:35	Default Database Name = immoabidjan
19-07-2024	11:57:35	Logon to Server = immoabidjan
19-07-2024	11:57:35	Logon to Database = immoabidjan
19-07-2024	11:57:35	Logon with user id = immoabidjan
19-07-2024	11:57:35	Logon with password = immoabidjan
19-07-2024	11:57:35	Logon to Server = immoabidjan
19-07-2024	11:57:35	Logon to Database = immoabidjan
19-07-2024	11:57:35	Logon with user id = immoabidjan
19-07-2024	11:57:35	Logon with password = immoabidjan
19-07-2024	11:57:35	Logon to Server = immoabidjan
19-07-2024	11:57:35	Logon to Database = immoabidjan
19-07-2024	11:57:35	Logon with user id = immoabidjan
19-07-2024	11:57:35	Logon with password = immoabidjan
19-07-2024	11:57:35	Logon to Server = immoabidjan
19-07-2024	11:57:35	Logon to Database = immoabidjan
19-07-2024	11:57:35	Logon with user id = immoabidjan
19-07-2024	11:57:35	Logon with password = immoabidjan
19-07-2024	11:57:35	Report Output format set to : pdf
19-07-2024	11:57:35	Report attribute : HasSavedData = False
19-07-2024	11:57:35	Discrete Parameter : acquisition_id = 4
19-07-2024	11:57:35	Report rows = 1
19-07-2024	11:57:36	Report exported to : temp\CONTRAT_ACQUISITION.pdf
19-07-2024	11:57:36	ReportDocument closed
