15-06-2024	15:18:29	Crystal Reports Exporter version 2.1.11.1207
15-06-2024	15:18:29	creport parameters : -U immoabidjan -P immoabidjan -D immoabidjan -S immoabidjan -F documents\CONTRAT_ACQUISITION.rpt -a acquisition_id:2 -O temp\CONTRAT_ACQUISITION.pdf -E pdf -l 
15-06-2024	15:18:29	Instantiated ReportDocument object
15-06-2024	15:18:30	Crystal Reports file documents\CONTRAT_ACQUISITION.rpt loaded
15-06-2024	15:18:30	Database id = 0
15-06-2024	15:18:30	Integrated Security = False
15-06-2024	15:18:30	Default Server Name = immoabidjan
15-06-2024	15:18:30	Default Database Name = immoabidjan
15-06-2024	15:18:30	Logon to Server = immoabidjan
15-06-2024	15:18:30	Logon to Database = immoabidjan
15-06-2024	15:18:30	Logon with user id = immoabidjan
15-06-2024	15:18:30	Logon with password = immoabidjan
15-06-2024	15:18:30	Logon to Server = immoabidjan
15-06-2024	15:18:30	Logon to Database = immoabidjan
15-06-2024	15:18:30	Logon with user id = immoabidjan
15-06-2024	15:18:30	Logon with password = immoabidjan
15-06-2024	15:18:30	Logon to Server = immoabidjan
15-06-2024	15:18:30	Logon to Database = immoabidjan
15-06-2024	15:18:30	Logon with user id = immoabidjan
15-06-2024	15:18:30	Logon with password = immoabidjan
15-06-2024	15:18:30	Logon to Server = immoabidjan
15-06-2024	15:18:30	Logon to Database = immoabidjan
15-06-2024	15:18:30	Logon with user id = immoabidjan
15-06-2024	15:18:30	Logon with password = immoabidjan
15-06-2024	15:18:30	Report Output format set to : pdf
15-06-2024	15:18:30	Report attribute : HasSavedData = False
15-06-2024	15:18:30	Discrete Parameter : acquisition_id = 2
15-06-2024	15:18:30	Report rows = 1
15-06-2024	15:18:31	Report exported to : temp\CONTRAT_ACQUISITION.pdf
15-06-2024	15:18:31	ReportDocument closed
