19-07-2024	12:02:44	Crystal Reports Exporter version 2.1.11.1207
19-07-2024	12:02:44	creport parameters : -U immoabidjan -P immoabidjan -D immoabidjan -S immoabidjan -F documents\CONTRAT_ACQUISITION.rpt -a acquisition_id:4 -O temp\CONTRAT_ACQUISITION.pdf -E pdf -l 
19-07-2024	12:02:44	Instantiated ReportDocument object
19-07-2024	12:02:45	Crystal Reports file documents\CONTRAT_ACQUISITION.rpt loaded
19-07-2024	12:02:45	Database id = 0
19-07-2024	12:02:45	Integrated Security = False
19-07-2024	12:02:45	Default Server Name = immoabidjan
19-07-2024	12:02:45	Default Database Name = immoabidjan
19-07-2024	12:02:45	Logon to Server = immoabidjan
19-07-2024	12:02:45	Logon to Database = immoabidjan
19-07-2024	12:02:45	Logon with user id = immoabidjan
19-07-2024	12:02:45	Logon with password = immoabidjan
19-07-2024	12:02:45	Logon to Server = immoabidjan
19-07-2024	12:02:45	Logon to Database = immoabidjan
19-07-2024	12:02:45	Logon with user id = immoabidjan
19-07-2024	12:02:45	Logon with password = immoabidjan
19-07-2024	12:02:45	Logon to Server = immoabidjan
19-07-2024	12:02:45	Logon to Database = immoabidjan
19-07-2024	12:02:45	Logon with user id = immoabidjan
19-07-2024	12:02:45	Logon with password = immoabidjan
19-07-2024	12:02:45	Logon to Server = immoabidjan
19-07-2024	12:02:45	Logon to Database = immoabidjan
19-07-2024	12:02:45	Logon with user id = immoabidjan
19-07-2024	12:02:45	Logon with password = immoabidjan
19-07-2024	12:02:45	Report Output format set to : pdf
19-07-2024	12:02:45	Report attribute : HasSavedData = False
19-07-2024	12:02:45	Discrete Parameter : acquisition_id = 4
19-07-2024	12:02:46	Report rows = 1
19-07-2024	12:02:46	Report exported to : temp\CONTRAT_ACQUISITION.pdf
19-07-2024	12:02:46	ReportDocument closed
