19-07-2024	11:08:04	Crystal Reports Exporter version 2.1.11.1207
19-07-2024	11:08:04	creport parameters : -U immoabidjan -P immoabidjan -D immoabidjan -S immoabidjan -F documents\CONTRAT_ACQUISITION.rpt -a acquisition_id:1 -O temp\CONTRAT_ACQUISITION.pdf -E pdf -l 
19-07-2024	11:08:06	Instantiated ReportDocument object
19-07-2024	11:08:08	Crystal Reports file documents\CONTRAT_ACQUISITION.rpt loaded
19-07-2024	11:08:08	Database id = 0
19-07-2024	11:08:08	Integrated Security = False
19-07-2024	11:08:08	Default Server Name = immoabidjan
19-07-2024	11:08:08	Default Database Name = immoabidjan
19-07-2024	11:08:08	Logon to Server = immoabidjan
19-07-2024	11:08:08	Logon to Database = immoabidjan
19-07-2024	11:08:08	Logon with user id = immoabidjan
19-07-2024	11:08:08	Logon with password = immoabidjan
19-07-2024	11:08:08	Logon to Server = immoabidjan
19-07-2024	11:08:08	Logon to Database = immoabidjan
19-07-2024	11:08:08	Logon with user id = immoabidjan
19-07-2024	11:08:08	Logon with password = immoabidjan
19-07-2024	11:08:08	Logon to Server = immoabidjan
19-07-2024	11:08:08	Logon to Database = immoabidjan
19-07-2024	11:08:08	Logon with user id = immoabidjan
19-07-2024	11:08:08	Logon with password = immoabidjan
19-07-2024	11:08:08	Logon to Server = immoabidjan
19-07-2024	11:08:08	Logon to Database = immoabidjan
19-07-2024	11:08:08	Logon with user id = immoabidjan
19-07-2024	11:08:08	Logon with password = immoabidjan
19-07-2024	11:08:08	Report Output format set to : pdf
19-07-2024	11:08:08	Report attribute : HasSavedData = False
19-07-2024	11:08:08	Discrete Parameter : acquisition_id = 1
19-07-2024	11:08:09	Report rows = 1
19-07-2024	11:08:10	Report exported to : temp\CONTRAT_ACQUISITION.pdf
19-07-2024	11:08:10	ReportDocument closed
